<?xml version="1.0" encoding="UTF-8"?>
<!-- Generated by org.testng.reporters.JUnitReportReporter -->
<testsuite skipped="0" hostname="DESKTOP-1SCGQ2D" name="getRequest.getData" tests="1" failures="0" timestamp="2022-04-10T20:40:47 IST" time="4.972" errors="0">
  <testcase name="testBody" time="4.972" classname="getRequest.getData"/>
  <system-out/>
</testsuite> <!-- getRequest.getData -->
