<?xml version="1.0" encoding="UTF-8"?>
<!-- Generated by org.testng.reporters.JUnitReportReporter -->
<testsuite skipped="0" hostname="DESKTOP-1SCGQ2D" name="APITest" tests="1" failures="0" timestamp="2022-04-10T18:16:08 IST" time="1.106" errors="0">
  <testcase name="BaseURLReturns200" time="1.106" classname="APITest"/>
  <system-out/>
</testsuite> <!-- APITest -->
